<?xml version="1.0" encoding="UTF-8"?>
<!-- Generated by org.testng.reporters.JUnitReportReporter -->
<testsuite hostname="LAPTOP-AVB2L64G" failures="0" tests="1" name="TestNG.ListenerTestClass" time="7.722" errors="0" timestamp="2024-02-27T10:35:58 IST" skipped="0">
  <testcase classname="TestNG.ListenerTestClass" name="invokechrome" time="7.722"/>
  <system-out/>
</testsuite> <!-- TestNG.ListenerTestClass -->
