<?xml version="1.0" encoding="UTF-8"?>
<!-- Generated by org.testng.reporters.JUnitReportReporter -->
<testsuite hostname="LAPTOP-AVB2L64G" failures="0" tests="1" name="TestNG.InvokeChromeBrowser" time="9.259" errors="0" timestamp="2024-02-27T10:35:58 IST" skipped="0">
  <testcase classname="TestNG.InvokeChromeBrowser" name="invokechrome" time="9.259"/>
  <system-out/>
</testsuite> <!-- TestNG.InvokeChromeBrowser -->
